{"D:\\hirequiz api\\HireQuiz.com\\src\\app.js": {"path":"D:\\hirequiz api\\HireQuiz.com\\src\\app.js","statementMap":{"0":{"start":{"line":3,"column":16},"end":{"line":3,"column":34}},"1":{"start":{"line":4,"column":13},"end":{"line":4,"column":28}},"2":{"start":{"line":5,"column":15},"end":{"line":5,"column":32}},"3":{"start":{"line":6,"column":20},"end":{"line":6,"column":42}},"4":{"start":{"line":8,"column":17},"end":{"line":8,"column":36}},"5":{"start":{"line":9,"column":21},"end":{"line":9,"column":53}},"6":{"start":{"line":11,"column":15},"end":{"line":11,"column":34}},"7":{"start":{"line":12,"column":13},"end":{"line":14,"column":2}},"8":{"start":{"line":16,"column":12},"end":{"line":16,"column":21}},"9":{"start":{"line":18,"column":0},"end":{"line":18,"column":14}},"10":{"start":{"line":20,"column":0},"end":{"line":20,"column":18}},"11":{"start":{"line":22,"column":0},"end":{"line":22,"column":16}},"12":{"start":{"line":24,"column":0},"end":{"line":24,"column":23}},"13":{"start":{"line":26,"column":0},"end":{"line":26,"column":38}},"14":{"start":{"line":27,"column":0},"end":{"line":27,"column":31}},"15":{"start":{"line":29,"column":0},"end":{"line":29,"column":34}},"16":{"start":{"line":31,"column":0},"end":{"line":39,"column":3}},"17":{"start":{"line":32,"column":2},"end":{"line":38,"column":5}},"18":{"start":{"line":42,"column":0},"end":{"line":57,"column":3}},"19":{"start":{"line":43,"column":17},"end":{"line":43,"column":34}},"20":{"start":{"line":44,"column":18},"end":{"line":44,"column":60}},"21":{"start":{"line":46,"column":2},"end":{"line":48,"column":3}},"22":{"start":{"line":47,"column":4},"end":{"line":47,"column":54}},"23":{"start":{"line":50,"column":2},"end":{"line":56,"column":5}},"24":{"start":{"line":59,"column":0},"end":{"line":59,"column":21}}},"fnMap":{"0":{"name":"(anonymous_0)","decl":{"start":{"line":31,"column":8},"end":{"line":31,"column":9}},"loc":{"start":{"line":31,"column":22},"end":{"line":39,"column":1}},"line":31},"1":{"name":"(anonymous_1)","decl":{"start":{"line":42,"column":8},"end":{"line":42,"column":9}},"loc":{"start":{"line":42,"column":33},"end":{"line":57,"column":1}},"line":42}},"branchMap":{"0":{"loc":{"start":{"line":43,"column":17},"end":{"line":43,"column":34}},"type":"binary-expr","locations":[{"start":{"line":43,"column":17},"end":{"line":43,"column":27}},{"start":{"line":43,"column":31},"end":{"line":43,"column":34}}],"line":43},"1":{"loc":{"start":{"line":44,"column":18},"end":{"line":44,"column":60}},"type":"binary-expr","locations":[{"start":{"line":44,"column":18},"end":{"line":44,"column":29}},{"start":{"line":44,"column":33},"end":{"line":44,"column":60}}],"line":44},"2":{"loc":{"start":{"line":46,"column":2},"end":{"line":48,"column":3}},"type":"if","locations":[{"start":{"line":46,"column":2},"end":{"line":48,"column":3}},{"start":{},"end":{}}],"line":46}},"s":{"0":8,"1":8,"2":8,"3":8,"4":8,"5":8,"6":8,"7":8,"8":8,"9":8,"10":8,"11":8,"12":8,"13":8,"14":8,"15":8,"16":8,"17":0,"18":8,"19":0,"20":0,"21":0,"22":0,"23":0,"24":8},"f":{"0":0,"1":0},"b":{"0":[0,0],"1":[0,0],"2":[0,0]},"_coverageSchema":"1a1c01bbd47fc00a2c39e90264f33305004495a9","hash":"7f45f0dd50e74edac5915afe974a9c18857e1af0"}
,"D:\\hirequiz api\\HireQuiz.com\\src\\hash.js": {"path":"D:\\hirequiz api\\HireQuiz.com\\src\\hash.js","statementMap":{"0":{"start":{"line":1,"column":15},"end":{"line":1,"column":32}},"1":{"start":{"line":3,"column":0},"end":{"line":3,"column":84}},"2":{"start":{"line":3,"column":28},"end":{"line":3,"column":83}}},"fnMap":{"0":{"name":"(anonymous_0)","decl":{"start":{"line":3,"column":17},"end":{"line":3,"column":18}},"loc":{"start":{"line":3,"column":28},"end":{"line":3,"column":83}},"line":3}},"branchMap":{},"s":{"0":9,"1":9,"2":22},"f":{"0":22},"b":{},"_coverageSchema":"1a1c01bbd47fc00a2c39e90264f33305004495a9","hash":"9c3876481caeaa45046dc4fdd1413e29fedbd1ec"}
,"D:\\hirequiz api\\HireQuiz.com\\src\\logger.js": {"path":"D:\\hirequiz api\\HireQuiz.com\\src\\logger.js","statementMap":{"0":{"start":{"line":3,"column":16},"end":{"line":3,"column":58}},"1":{"start":{"line":5,"column":0},"end":{"line":12,"column":1}},"2":{"start":{"line":6,"column":2},"end":{"line":11,"column":4}},"3":{"start":{"line":14,"column":0},"end":{"line":14,"column":42}}},"fnMap":{},"branchMap":{"0":{"loc":{"start":{"line":3,"column":25},"end":{"line":3,"column":56}},"type":"binary-expr","locations":[{"start":{"line":3,"column":25},"end":{"line":3,"column":46}},{"start":{"line":3,"column":50},"end":{"line":3,"column":56}}],"line":3},"1":{"loc":{"start":{"line":5,"column":0},"end":{"line":12,"column":1}},"type":"if","locations":[{"start":{"line":5,"column":0},"end":{"line":12,"column":1}},{"start":{},"end":{}}],"line":5}},"s":{"0":8,"1":8,"2":0,"3":8},"f":{},"b":{"0":[8,0],"1":[0,8]},"_coverageSchema":"1a1c01bbd47fc00a2c39e90264f33305004495a9","hash":"91eb30212beb9b24852d2d05502f3b068ead993d"}
,"D:\\hirequiz api\\HireQuiz.com\\src\\response.js": {"path":"D:\\hirequiz api\\HireQuiz.com\\src\\response.js","statementMap":{"0":{"start":{"line":3,"column":0},"end":{"line":8,"column":2}},"1":{"start":{"line":4,"column":2},"end":{"line":7,"column":4}},"2":{"start":{"line":10,"column":0},"end":{"line":18,"column":2}},"3":{"start":{"line":11,"column":2},"end":{"line":17,"column":4}}},"fnMap":{"0":{"name":"(anonymous_0)","decl":{"start":{"line":3,"column":39},"end":{"line":3,"column":40}},"loc":{"start":{"line":3,"column":55},"end":{"line":8,"column":1}},"line":3},"1":{"name":"(anonymous_1)","decl":{"start":{"line":10,"column":37},"end":{"line":10,"column":38}},"loc":{"start":{"line":10,"column":62},"end":{"line":18,"column":1}},"line":10}},"branchMap":{},"s":{"0":9,"1":9,"2":9,"3":25},"f":{"0":9,"1":25},"b":{},"_coverageSchema":"1a1c01bbd47fc00a2c39e90264f33305004495a9","hash":"3ba99073f5d0c4adf50dad732ae97785cdd16b3d"}
,"D:\\hirequiz api\\HireQuiz.com\\src\\authorization\\authorize-middleware.js": {"path":"D:\\hirequiz api\\HireQuiz.com\\src\\authorization\\authorize-middleware.js","statementMap":{"0":{"start":{"line":1,"column":17},"end":{"line":1,"column":36}},"1":{"start":{"line":3,"column":32},"end":{"line":3,"column":54}},"2":{"start":{"line":4,"column":13},"end":{"line":4,"column":31}},"3":{"start":{"line":5,"column":15},"end":{"line":5,"column":35}},"4":{"start":{"line":7,"column":0},"end":{"line":26,"column":2}},"5":{"start":{"line":8,"column":2},"end":{"line":25,"column":4}},"6":{"start":{"line":10,"column":6},"end":{"line":13,"column":7}},"7":{"start":{"line":11,"column":8},"end":{"line":11,"column":58}},"8":{"start":{"line":12,"column":8},"end":{"line":12,"column":77}},"9":{"start":{"line":15,"column":6},"end":{"line":17,"column":7}},"10":{"start":{"line":16,"column":8},"end":{"line":16,"column":78}},"11":{"start":{"line":19,"column":6},"end":{"line":19,"column":29}},"12":{"start":{"line":20,"column":6},"end":{"line":20,"column":68}},"13":{"start":{"line":22,"column":6},"end":{"line":22,"column":13}},"14":{"start":{"line":24,"column":4},"end":{"line":24,"column":86}}},"fnMap":{"0":{"name":"(anonymous_0)","decl":{"start":{"line":7,"column":17},"end":{"line":7,"column":18}},"loc":{"start":{"line":7,"column":35},"end":{"line":26,"column":1}},"line":7},"1":{"name":"(anonymous_1)","decl":{"start":{"line":8,"column":9},"end":{"line":8,"column":10}},"loc":{"start":{"line":8,"column":35},"end":{"line":25,"column":3}},"line":8},"2":{"name":"callback","decl":{"start":{"line":9,"column":13},"end":{"line":9,"column":21}},"loc":{"start":{"line":9,"column":34},"end":{"line":23,"column":5}},"line":9}},"branchMap":{"0":{"loc":{"start":{"line":10,"column":6},"end":{"line":13,"column":7}},"type":"if","locations":[{"start":{"line":10,"column":6},"end":{"line":13,"column":7}},{"start":{},"end":{}}],"line":10},"1":{"loc":{"start":{"line":15,"column":6},"end":{"line":17,"column":7}},"type":"if","locations":[{"start":{"line":15,"column":6},"end":{"line":17,"column":7}},{"start":{},"end":{}}],"line":15}},"s":{"0":8,"1":8,"2":8,"3":8,"4":8,"5":8,"6":33,"7":0,"8":0,"9":33,"10":14,"11":19,"12":19,"13":19,"14":33},"f":{"0":8,"1":33,"2":33},"b":{"0":[0,33],"1":[14,19]},"_coverageSchema":"1a1c01bbd47fc00a2c39e90264f33305004495a9","hash":"f787e0fd102f9c8268b528b39dec431d229d597e"}
,"D:\\hirequiz api\\HireQuiz.com\\src\\authorization\\basic-auth.js": {"path":"D:\\hirequiz api\\HireQuiz.com\\src\\authorization\\basic-auth.js","statementMap":{"0":{"start":{"line":3,"column":13},"end":{"line":3,"column":33}},"1":{"start":{"line":4,"column":21},"end":{"line":4,"column":50}},"2":{"start":{"line":5,"column":18},"end":{"line":5,"column":51}},"3":{"start":{"line":7,"column":0},"end":{"line":9,"column":1}},"4":{"start":{"line":8,"column":2},"end":{"line":8,"column":61}},"5":{"start":{"line":11,"column":0},"end":{"line":16,"column":4}},"6":{"start":{"line":12,"column":2},"end":{"line":16,"column":3}},"7":{"start":{"line":17,"column":0},"end":{"line":17,"column":54}},"8":{"start":{"line":17,"column":36},"end":{"line":17,"column":53}}},"fnMap":{"0":{"name":"(anonymous_0)","decl":{"start":{"line":11,"column":26},"end":{"line":11,"column":27}},"loc":{"start":{"line":12,"column":2},"end":{"line":16,"column":3}},"line":12},"1":{"name":"(anonymous_1)","decl":{"start":{"line":17,"column":30},"end":{"line":17,"column":31}},"loc":{"start":{"line":17,"column":36},"end":{"line":17,"column":53}},"line":17}},"branchMap":{"0":{"loc":{"start":{"line":7,"column":0},"end":{"line":9,"column":1}},"type":"if","locations":[{"start":{"line":7,"column":0},"end":{"line":9,"column":1}},{"start":{},"end":{}}],"line":7}},"s":{"0":8,"1":8,"2":8,"3":8,"4":0,"5":8,"6":8,"7":8,"8":8},"f":{"0":8,"1":8},"b":{"0":[0,8]},"_coverageSchema":"1a1c01bbd47fc00a2c39e90264f33305004495a9","hash":"40816196d90ab061364b8d10554c764bd621c46b"}
,"D:\\hirequiz api\\HireQuiz.com\\src\\authorization\\index.js": {"path":"D:\\hirequiz api\\HireQuiz.com\\src\\authorization\\index.js","statementMap":{"0":{"start":{"line":9,"column":0},"end":{"line":13,"column":1}},"1":{"start":{"line":10,"column":2},"end":{"line":10,"column":43}},"2":{"start":{"line":12,"column":2},"end":{"line":12,"column":76}}},"fnMap":{},"branchMap":{"0":{"loc":{"start":{"line":9,"column":0},"end":{"line":13,"column":1}},"type":"if","locations":[{"start":{"line":9,"column":0},"end":{"line":13,"column":1}},{"start":{"line":11,"column":7},"end":{"line":13,"column":1}}],"line":9},"1":{"loc":{"start":{"line":9,"column":4},"end":{"line":9,"column":66}},"type":"binary-expr","locations":[{"start":{"line":9,"column":4},"end":{"line":9,"column":29}},{"start":{"line":9,"column":33},"end":{"line":9,"column":66}}],"line":9}},"s":{"0":8,"1":8,"2":0},"f":{},"b":{"0":[8,0],"1":[8,8]},"_coverageSchema":"1a1c01bbd47fc00a2c39e90264f33305004495a9","hash":"d2130aeecd7133778a77a9a7e985dcb23dfce44c"}
,"D:\\hirequiz api\\HireQuiz.com\\src\\model\\jobApplication.js": {"path":"D:\\hirequiz api\\HireQuiz.com\\src\\model\\jobApplication.js","statementMap":{"0":{"start":{"line":1,"column":23},"end":{"line":1,"column":40}},"1":{"start":{"line":8,"column":4},"end":{"line":8,"column":21}},"2":{"start":{"line":20,"column":4},"end":{"line":22,"column":5}},"3":{"start":{"line":21,"column":6},"end":{"line":21,"column":55}},"4":{"start":{"line":23,"column":4},"end":{"line":25,"column":5}},"5":{"start":{"line":24,"column":6},"end":{"line":24,"column":72}},"6":{"start":{"line":26,"column":4},"end":{"line":28,"column":5}},"7":{"start":{"line":27,"column":6},"end":{"line":27,"column":52}},"8":{"start":{"line":29,"column":4},"end":{"line":29,"column":33}},"9":{"start":{"line":30,"column":4},"end":{"line":30,"column":39}},"10":{"start":{"line":31,"column":4},"end":{"line":31,"column":27}},"11":{"start":{"line":32,"column":4},"end":{"line":32,"column":52}},"12":{"start":{"line":33,"column":4},"end":{"line":33,"column":52}},"13":{"start":{"line":34,"column":4},"end":{"line":34,"column":21}},"14":{"start":{"line":35,"column":4},"end":{"line":35,"column":21}},"15":{"start":{"line":39,"column":4},"end":{"line":39,"column":47}},"16":{"start":{"line":43,"column":24},"end":{"line":43,"column":54}},"17":{"start":{"line":44,"column":4},"end":{"line":46,"column":5}},"18":{"start":{"line":45,"column":6},"end":{"line":45,"column":41}},"19":{"start":{"line":47,"column":4},"end":{"line":47,"column":43}},"20":{"start":{"line":51,"column":4},"end":{"line":51,"column":44}},"21":{"start":{"line":52,"column":4},"end":{"line":52,"column":30}},"22":{"start":{"line":56,"column":4},"end":{"line":56,"column":50}},"23":{"start":{"line":60,"column":4},"end":{"line":62,"column":5}},"24":{"start":{"line":61,"column":6},"end":{"line":61,"column":46}},"25":{"start":{"line":63,"column":4},"end":{"line":63,"column":40}},"26":{"start":{"line":64,"column":4},"end":{"line":64,"column":22}},"27":{"start":{"line":65,"column":4},"end":{"line":65,"column":63}},"28":{"start":{"line":69,"column":4},"end":{"line":69,"column":32}},"29":{"start":{"line":72,"column":0},"end":{"line":72,"column":47}}},"fnMap":{"0":{"name":"(anonymous_0)","decl":{"start":{"line":11,"column":2},"end":{"line":11,"column":3}},"loc":{"start":{"line":19,"column":5},"end":{"line":36,"column":3}},"line":19},"1":{"name":"(anonymous_1)","decl":{"start":{"line":38,"column":2},"end":{"line":38,"column":3}},"loc":{"start":{"line":38,"column":47},"end":{"line":40,"column":3}},"line":38},"2":{"name":"(anonymous_2)","decl":{"start":{"line":42,"column":2},"end":{"line":42,"column":3}},"loc":{"start":{"line":42,"column":33},"end":{"line":48,"column":3}},"line":42},"3":{"name":"(anonymous_3)","decl":{"start":{"line":50,"column":2},"end":{"line":50,"column":3}},"loc":{"start":{"line":50,"column":9},"end":{"line":53,"column":3}},"line":50},"4":{"name":"(anonymous_4)","decl":{"start":{"line":55,"column":2},"end":{"line":55,"column":3}},"loc":{"start":{"line":55,"column":12},"end":{"line":57,"column":3}},"line":55},"5":{"name":"(anonymous_5)","decl":{"start":{"line":59,"column":2},"end":{"line":59,"column":3}},"loc":{"start":{"line":59,"column":22},"end":{"line":66,"column":3}},"line":59},"6":{"name":"(anonymous_6)","decl":{"start":{"line":68,"column":2},"end":{"line":68,"column":3}},"loc":{"start":{"line":68,"column":16},"end":{"line":70,"column":3}},"line":68}},"branchMap":{"0":{"loc":{"start":{"line":15,"column":4},"end":{"line":15,"column":24}},"type":"default-arg","locations":[{"start":{"line":15,"column":14},"end":{"line":15,"column":24}}],"line":15},"1":{"loc":{"start":{"line":16,"column":4},"end":{"line":16,"column":24}},"type":"default-arg","locations":[{"start":{"line":16,"column":14},"end":{"line":16,"column":24}}],"line":16},"2":{"loc":{"start":{"line":18,"column":4},"end":{"line":18,"column":12}},"type":"default-arg","locations":[{"start":{"line":18,"column":11},"end":{"line":18,"column":12}}],"line":18},"3":{"loc":{"start":{"line":20,"column":4},"end":{"line":22,"column":5}},"type":"if","locations":[{"start":{"line":20,"column":4},"end":{"line":22,"column":5}},{"start":{},"end":{}}],"line":20},"4":{"loc":{"start":{"line":20,"column":8},"end":{"line":20,"column":25}},"type":"binary-expr","locations":[{"start":{"line":20,"column":8},"end":{"line":20,"column":16}},{"start":{"line":20,"column":20},"end":{"line":20,"column":25}}],"line":20},"5":{"loc":{"start":{"line":23,"column":4},"end":{"line":25,"column":5}},"type":"if","locations":[{"start":{"line":23,"column":4},"end":{"line":25,"column":5}},{"start":{},"end":{}}],"line":23},"6":{"loc":{"start":{"line":23,"column":8},"end":{"line":23,"column":43}},"type":"binary-expr","locations":[{"start":{"line":23,"column":8},"end":{"line":23,"column":16}},{"start":{"line":23,"column":20},"end":{"line":23,"column":43}}],"line":23},"7":{"loc":{"start":{"line":26,"column":4},"end":{"line":28,"column":5}},"type":"if","locations":[{"start":{"line":26,"column":4},"end":{"line":28,"column":5}},{"start":{},"end":{}}],"line":26},"8":{"loc":{"start":{"line":29,"column":14},"end":{"line":29,"column":32}},"type":"binary-expr","locations":[{"start":{"line":29,"column":14},"end":{"line":29,"column":16}},{"start":{"line":29,"column":20},"end":{"line":29,"column":32}}],"line":29},"9":{"loc":{"start":{"line":32,"column":19},"end":{"line":32,"column":51}},"type":"binary-expr","locations":[{"start":{"line":32,"column":19},"end":{"line":32,"column":26}},{"start":{"line":32,"column":30},"end":{"line":32,"column":51}}],"line":32},"10":{"loc":{"start":{"line":33,"column":19},"end":{"line":33,"column":51}},"type":"binary-expr","locations":[{"start":{"line":33,"column":19},"end":{"line":33,"column":26}},{"start":{"line":33,"column":30},"end":{"line":33,"column":51}}],"line":33},"11":{"loc":{"start":{"line":38,"column":31},"end":{"line":38,"column":45}},"type":"default-arg","locations":[{"start":{"line":38,"column":40},"end":{"line":38,"column":45}}],"line":38},"12":{"loc":{"start":{"line":44,"column":4},"end":{"line":46,"column":5}},"type":"if","locations":[{"start":{"line":44,"column":4},"end":{"line":46,"column":5}},{"start":{},"end":{}}],"line":44},"13":{"loc":{"start":{"line":60,"column":4},"end":{"line":62,"column":5}},"type":"if","locations":[{"start":{"line":60,"column":4},"end":{"line":62,"column":5}},{"start":{},"end":{}}],"line":60}},"s":{"0":9,"1":9,"2":28,"3":3,"4":25,"5":2,"6":23,"7":1,"8":22,"9":22,"10":22,"11":22,"12":22,"13":22,"14":22,"15":5,"16":7,"17":7,"18":2,"19":5,"20":16,"21":16,"22":2,"23":9,"24":1,"25":8,"26":8,"27":8,"28":1,"29":9},"f":{"0":28,"1":5,"2":7,"3":16,"4":2,"5":9,"6":1},"b":{"0":[23],"1":[23],"2":[4],"3":[3,25],"4":[28,26],"5":[2,23],"6":[25,24],"7":[1,22],"8":[22,16],"9":[22,0],"10":[22,0],"11":[4],"12":[2,5],"13":[1,8]},"_coverageSchema":"1a1c01bbd47fc00a2c39e90264f33305004495a9","hash":"141f1bfcfff6a157c93ec2f9b2bce87aa5627fb0"}
,"D:\\hirequiz api\\HireQuiz.com\\src\\model\\posting.js": {"path":"D:\\hirequiz api\\HireQuiz.com\\src\\model\\posting.js","statementMap":{"0":{"start":{"line":1,"column":23},"end":{"line":1,"column":40}},"1":{"start":{"line":8,"column":4},"end":{"line":8,"column":21}},"2":{"start":{"line":12,"column":4},"end":{"line":14,"column":5}},"3":{"start":{"line":13,"column":6},"end":{"line":13,"column":55}},"4":{"start":{"line":15,"column":4},"end":{"line":17,"column":5}},"5":{"start":{"line":16,"column":6},"end":{"line":16,"column":72}},"6":{"start":{"line":18,"column":4},"end":{"line":20,"column":5}},"7":{"start":{"line":19,"column":6},"end":{"line":19,"column":52}},"8":{"start":{"line":21,"column":4},"end":{"line":21,"column":33}},"9":{"start":{"line":22,"column":4},"end":{"line":22,"column":27}},"10":{"start":{"line":23,"column":4},"end":{"line":23,"column":52}},"11":{"start":{"line":24,"column":4},"end":{"line":24,"column":52}},"12":{"start":{"line":25,"column":4},"end":{"line":25,"column":21}},"13":{"start":{"line":26,"column":4},"end":{"line":26,"column":21}},"14":{"start":{"line":30,"column":4},"end":{"line":30,"column":47}},"15":{"start":{"line":34,"column":20},"end":{"line":34,"column":50}},"16":{"start":{"line":35,"column":4},"end":{"line":37,"column":5}},"17":{"start":{"line":36,"column":6},"end":{"line":36,"column":41}},"18":{"start":{"line":38,"column":4},"end":{"line":38,"column":35}},"19":{"start":{"line":42,"column":4},"end":{"line":42,"column":44}},"20":{"start":{"line":43,"column":4},"end":{"line":43,"column":30}},"21":{"start":{"line":47,"column":4},"end":{"line":47,"column":50}},"22":{"start":{"line":51,"column":4},"end":{"line":53,"column":5}},"23":{"start":{"line":52,"column":6},"end":{"line":52,"column":46}},"24":{"start":{"line":54,"column":4},"end":{"line":54,"column":40}},"25":{"start":{"line":55,"column":4},"end":{"line":55,"column":22}},"26":{"start":{"line":56,"column":4},"end":{"line":56,"column":63}},"27":{"start":{"line":60,"column":4},"end":{"line":60,"column":32}},"28":{"start":{"line":63,"column":0},"end":{"line":63,"column":39}}},"fnMap":{"0":{"name":"(anonymous_0)","decl":{"start":{"line":11,"column":2},"end":{"line":11,"column":3}},"loc":{"start":{"line":11,"column":91},"end":{"line":27,"column":3}},"line":11},"1":{"name":"(anonymous_1)","decl":{"start":{"line":29,"column":2},"end":{"line":29,"column":3}},"loc":{"start":{"line":29,"column":47},"end":{"line":31,"column":3}},"line":29},"2":{"name":"(anonymous_2)","decl":{"start":{"line":33,"column":2},"end":{"line":33,"column":3}},"loc":{"start":{"line":33,"column":33},"end":{"line":39,"column":3}},"line":33},"3":{"name":"(anonymous_3)","decl":{"start":{"line":41,"column":2},"end":{"line":41,"column":3}},"loc":{"start":{"line":41,"column":9},"end":{"line":44,"column":3}},"line":41},"4":{"name":"(anonymous_4)","decl":{"start":{"line":46,"column":2},"end":{"line":46,"column":3}},"loc":{"start":{"line":46,"column":12},"end":{"line":48,"column":3}},"line":46},"5":{"name":"(anonymous_5)","decl":{"start":{"line":50,"column":2},"end":{"line":50,"column":3}},"loc":{"start":{"line":50,"column":22},"end":{"line":57,"column":3}},"line":50},"6":{"name":"(anonymous_6)","decl":{"start":{"line":59,"column":2},"end":{"line":59,"column":3}},"loc":{"start":{"line":59,"column":16},"end":{"line":61,"column":3}},"line":59}},"branchMap":{"0":{"loc":{"start":{"line":11,"column":29},"end":{"line":11,"column":49}},"type":"default-arg","locations":[{"start":{"line":11,"column":39},"end":{"line":11,"column":49}}],"line":11},"1":{"loc":{"start":{"line":11,"column":51},"end":{"line":11,"column":71}},"type":"default-arg","locations":[{"start":{"line":11,"column":61},"end":{"line":11,"column":71}}],"line":11},"2":{"loc":{"start":{"line":11,"column":79},"end":{"line":11,"column":87}},"type":"default-arg","locations":[{"start":{"line":11,"column":86},"end":{"line":11,"column":87}}],"line":11},"3":{"loc":{"start":{"line":12,"column":4},"end":{"line":14,"column":5}},"type":"if","locations":[{"start":{"line":12,"column":4},"end":{"line":14,"column":5}},{"start":{},"end":{}}],"line":12},"4":{"loc":{"start":{"line":12,"column":8},"end":{"line":12,"column":25}},"type":"binary-expr","locations":[{"start":{"line":12,"column":8},"end":{"line":12,"column":16}},{"start":{"line":12,"column":20},"end":{"line":12,"column":25}}],"line":12},"5":{"loc":{"start":{"line":15,"column":4},"end":{"line":17,"column":5}},"type":"if","locations":[{"start":{"line":15,"column":4},"end":{"line":17,"column":5}},{"start":{},"end":{}}],"line":15},"6":{"loc":{"start":{"line":15,"column":8},"end":{"line":15,"column":43}},"type":"binary-expr","locations":[{"start":{"line":15,"column":8},"end":{"line":15,"column":16}},{"start":{"line":15,"column":20},"end":{"line":15,"column":43}}],"line":15},"7":{"loc":{"start":{"line":18,"column":4},"end":{"line":20,"column":5}},"type":"if","locations":[{"start":{"line":18,"column":4},"end":{"line":20,"column":5}},{"start":{},"end":{}}],"line":18},"8":{"loc":{"start":{"line":21,"column":14},"end":{"line":21,"column":32}},"type":"binary-expr","locations":[{"start":{"line":21,"column":14},"end":{"line":21,"column":16}},{"start":{"line":21,"column":20},"end":{"line":21,"column":32}}],"line":21},"9":{"loc":{"start":{"line":23,"column":19},"end":{"line":23,"column":51}},"type":"binary-expr","locations":[{"start":{"line":23,"column":19},"end":{"line":23,"column":26}},{"start":{"line":23,"column":30},"end":{"line":23,"column":51}}],"line":23},"10":{"loc":{"start":{"line":24,"column":19},"end":{"line":24,"column":51}},"type":"binary-expr","locations":[{"start":{"line":24,"column":19},"end":{"line":24,"column":26}},{"start":{"line":24,"column":30},"end":{"line":24,"column":51}}],"line":24},"11":{"loc":{"start":{"line":29,"column":31},"end":{"line":29,"column":45}},"type":"default-arg","locations":[{"start":{"line":29,"column":40},"end":{"line":29,"column":45}}],"line":29},"12":{"loc":{"start":{"line":35,"column":4},"end":{"line":37,"column":5}},"type":"if","locations":[{"start":{"line":35,"column":4},"end":{"line":37,"column":5}},{"start":{},"end":{}}],"line":35},"13":{"loc":{"start":{"line":51,"column":4},"end":{"line":53,"column":5}},"type":"if","locations":[{"start":{"line":51,"column":4},"end":{"line":53,"column":5}},{"start":{},"end":{}}],"line":51}},"s":{"0":9,"1":9,"2":28,"3":3,"4":25,"5":2,"6":23,"7":1,"8":22,"9":22,"10":22,"11":22,"12":22,"13":22,"14":5,"15":7,"16":7,"17":2,"18":5,"19":16,"20":16,"21":2,"22":9,"23":1,"24":8,"25":8,"26":8,"27":1,"28":9},"f":{"0":28,"1":5,"2":7,"3":16,"4":2,"5":9,"6":1},"b":{"0":[23],"1":[23],"2":[4],"3":[3,25],"4":[28,26],"5":[2,23],"6":[25,24],"7":[1,22],"8":[22,16],"9":[22,0],"10":[22,0],"11":[4],"12":[2,5],"13":[1,8]},"_coverageSchema":"1a1c01bbd47fc00a2c39e90264f33305004495a9","hash":"d257556a1f3e6a20f4f1a9678b21cbf15d4e71e0"}
,"D:\\hirequiz api\\HireQuiz.com\\src\\model\\data\\index.js": {"path":"D:\\hirequiz api\\HireQuiz.com\\src\\model\\data\\index.js","statementMap":{"0":{"start":{"line":2,"column":0},"end":{"line":2,"column":81}}},"fnMap":{},"branchMap":{"0":{"loc":{"start":{"line":2,"column":17},"end":{"line":2,"column":80}},"type":"cond-expr","locations":[{"start":{"line":2,"column":42},"end":{"line":2,"column":58}},{"start":{"line":2,"column":61},"end":{"line":2,"column":80}}],"line":2}},"s":{"0":10},"f":{},"b":{"0":[0,10]},"_coverageSchema":"1a1c01bbd47fc00a2c39e90264f33305004495a9","hash":"eff9a66321959d585f263522123bbf4fdb230cdb"}
,"D:\\hirequiz api\\HireQuiz.com\\src\\model\\data\\memory\\index.js": {"path":"D:\\hirequiz api\\HireQuiz.com\\src\\model\\data\\memory\\index.js","statementMap":{"0":{"start":{"line":1,"column":17},"end":{"line":1,"column":39}},"1":{"start":{"line":3,"column":13},"end":{"line":3,"column":27}},"2":{"start":{"line":4,"column":17},"end":{"line":4,"column":31}},"3":{"start":{"line":8,"column":2},"end":{"line":8,"column":60}},"4":{"start":{"line":13,"column":2},"end":{"line":13,"column":35}},"5":{"start":{"line":18,"column":2},"end":{"line":18,"column":39}},"6":{"start":{"line":23,"column":2},"end":{"line":23,"column":31}},"7":{"start":{"line":28,"column":18},"end":{"line":28,"column":47}},"8":{"start":{"line":30,"column":2},"end":{"line":32,"column":3}},"9":{"start":{"line":31,"column":4},"end":{"line":31,"column":19}},"10":{"start":{"line":34,"column":2},"end":{"line":34,"column":46}},"11":{"start":{"line":34,"column":34},"end":{"line":34,"column":44}},"12":{"start":{"line":37,"column":0},"end":{"line":37,"column":43}},"13":{"start":{"line":38,"column":0},"end":{"line":38,"column":43}},"14":{"start":{"line":39,"column":0},"end":{"line":39,"column":41}},"15":{"start":{"line":40,"column":0},"end":{"line":40,"column":51}},"16":{"start":{"line":41,"column":0},"end":{"line":41,"column":49}}},"fnMap":{"0":{"name":"writePosting","decl":{"start":{"line":7,"column":9},"end":{"line":7,"column":21}},"loc":{"start":{"line":7,"column":31},"end":{"line":9,"column":1}},"line":7},"1":{"name":"readPosting","decl":{"start":{"line":12,"column":9},"end":{"line":12,"column":20}},"loc":{"start":{"line":12,"column":34},"end":{"line":14,"column":1}},"line":12},"2":{"name":"writePostingData","decl":{"start":{"line":17,"column":9},"end":{"line":17,"column":25}},"loc":{"start":{"line":17,"column":47},"end":{"line":19,"column":1}},"line":17},"3":{"name":"readPostingData","decl":{"start":{"line":22,"column":9},"end":{"line":22,"column":24}},"loc":{"start":{"line":22,"column":38},"end":{"line":24,"column":1}},"line":22},"4":{"name":"listPostings","decl":{"start":{"line":27,"column":15},"end":{"line":27,"column":27}},"loc":{"start":{"line":27,"column":53},"end":{"line":35,"column":1}},"line":27},"5":{"name":"(anonymous_5)","decl":{"start":{"line":34,"column":21},"end":{"line":34,"column":22}},"loc":{"start":{"line":34,"column":34},"end":{"line":34,"column":44}},"line":34}},"branchMap":{"0":{"loc":{"start":{"line":27,"column":37},"end":{"line":27,"column":51}},"type":"default-arg","locations":[{"start":{"line":27,"column":46},"end":{"line":27,"column":51}}],"line":27},"1":{"loc":{"start":{"line":30,"column":2},"end":{"line":32,"column":3}},"type":"if","locations":[{"start":{"line":30,"column":2},"end":{"line":32,"column":3}},{"start":{},"end":{}}],"line":30},"2":{"loc":{"start":{"line":30,"column":6},"end":{"line":30,"column":24}},"type":"binary-expr","locations":[{"start":{"line":30,"column":6},"end":{"line":30,"column":12}},{"start":{"line":30,"column":16},"end":{"line":30,"column":24}}],"line":30}},"s":{"0":11,"1":11,"2":11,"3":33,"4":15,"5":17,"6":5,"7":10,"8":10,"9":2,"10":8,"11":2,"12":11,"13":11,"14":11,"15":11,"16":11},"f":{"0":33,"1":15,"2":17,"3":5,"4":10,"5":2},"b":{"0":[0],"1":[2,8],"2":[10,8]},"_coverageSchema":"1a1c01bbd47fc00a2c39e90264f33305004495a9","hash":"cb0186a9c4747e445a3f86db164a3b88a71f11e8"}
,"D:\\hirequiz api\\HireQuiz.com\\src\\model\\data\\memory\\memory-db.js": {"path":"D:\\hirequiz api\\HireQuiz.com\\src\\model\\data\\memory\\memory-db.js","statementMap":{"0":{"start":{"line":1,"column":20},"end":{"line":1,"column":52}},"1":{"start":{"line":1,"column":29},"end":{"line":1,"column":52}},"2":{"start":{"line":5,"column":4},"end":{"line":5,"column":17}},"3":{"start":{"line":9,"column":4},"end":{"line":13,"column":5}},"4":{"start":{"line":10,"column":6},"end":{"line":12,"column":8}},"5":{"start":{"line":15,"column":15},"end":{"line":15,"column":22}},"6":{"start":{"line":16,"column":18},"end":{"line":16,"column":64}},"7":{"start":{"line":17,"column":4},"end":{"line":17,"column":34}},"8":{"start":{"line":21,"column":4},"end":{"line":25,"column":5}},"9":{"start":{"line":22,"column":6},"end":{"line":24,"column":8}},"10":{"start":{"line":27,"column":15},"end":{"line":27,"column":22}},"11":{"start":{"line":28,"column":4},"end":{"line":28,"column":42}},"12":{"start":{"line":29,"column":4},"end":{"line":29,"column":41}},"13":{"start":{"line":30,"column":4},"end":{"line":30,"column":29}},"14":{"start":{"line":34,"column":4},"end":{"line":36,"column":5}},"15":{"start":{"line":35,"column":6},"end":{"line":35,"column":85}},"16":{"start":{"line":38,"column":15},"end":{"line":38,"column":22}},"17":{"start":{"line":39,"column":19},"end":{"line":39,"column":70}},"18":{"start":{"line":40,"column":4},"end":{"line":40,"column":35}},"19":{"start":{"line":44,"column":4},"end":{"line":48,"column":5}},"20":{"start":{"line":45,"column":6},"end":{"line":47,"column":8}},"21":{"start":{"line":50,"column":4},"end":{"line":54,"column":5}},"22":{"start":{"line":51,"column":6},"end":{"line":53,"column":8}},"23":{"start":{"line":56,"column":15},"end":{"line":56,"column":22}},"24":{"start":{"line":57,"column":4},"end":{"line":57,"column":40}},"25":{"start":{"line":58,"column":4},"end":{"line":58,"column":29}},"26":{"start":{"line":62,"column":0},"end":{"line":62,"column":26}}},"fnMap":{"0":{"name":"(anonymous_0)","decl":{"start":{"line":1,"column":20},"end":{"line":1,"column":21}},"loc":{"start":{"line":1,"column":29},"end":{"line":1,"column":52}},"line":1},"1":{"name":"(anonymous_1)","decl":{"start":{"line":4,"column":2},"end":{"line":4,"column":3}},"loc":{"start":{"line":4,"column":16},"end":{"line":6,"column":3}},"line":4},"2":{"name":"(anonymous_2)","decl":{"start":{"line":8,"column":2},"end":{"line":8,"column":3}},"loc":{"start":{"line":8,"column":32},"end":{"line":18,"column":3}},"line":8},"3":{"name":"(anonymous_3)","decl":{"start":{"line":20,"column":2},"end":{"line":20,"column":3}},"loc":{"start":{"line":20,"column":39},"end":{"line":31,"column":3}},"line":20},"4":{"name":"(anonymous_4)","decl":{"start":{"line":33,"column":2},"end":{"line":33,"column":3}},"loc":{"start":{"line":33,"column":20},"end":{"line":41,"column":3}},"line":33},"5":{"name":"(anonymous_5)","decl":{"start":{"line":43,"column":2},"end":{"line":43,"column":3}},"loc":{"start":{"line":43,"column":38},"end":{"line":59,"column":3}},"line":43}},"branchMap":{"0":{"loc":{"start":{"line":9,"column":4},"end":{"line":13,"column":5}},"type":"if","locations":[{"start":{"line":9,"column":4},"end":{"line":13,"column":5}},{"start":{},"end":{}}],"line":9},"1":{"loc":{"start":{"line":9,"column":10},"end":{"line":9,"column":62}},"type":"binary-expr","locations":[{"start":{"line":9,"column":10},"end":{"line":9,"column":33}},{"start":{"line":9,"column":37},"end":{"line":9,"column":62}}],"line":9},"2":{"loc":{"start":{"line":16,"column":18},"end":{"line":16,"column":64}},"type":"binary-expr","locations":[{"start":{"line":16,"column":18},"end":{"line":16,"column":32}},{"start":{"line":16,"column":36},"end":{"line":16,"column":64}}],"line":16},"3":{"loc":{"start":{"line":21,"column":4},"end":{"line":25,"column":5}},"type":"if","locations":[{"start":{"line":21,"column":4},"end":{"line":25,"column":5}},{"start":{},"end":{}}],"line":21},"4":{"loc":{"start":{"line":21,"column":10},"end":{"line":21,"column":62}},"type":"binary-expr","locations":[{"start":{"line":21,"column":10},"end":{"line":21,"column":33}},{"start":{"line":21,"column":37},"end":{"line":21,"column":62}}],"line":21},"5":{"loc":{"start":{"line":28,"column":21},"end":{"line":28,"column":41}},"type":"binary-expr","locations":[{"start":{"line":28,"column":21},"end":{"line":28,"column":35}},{"start":{"line":28,"column":39},"end":{"line":28,"column":41}}],"line":28},"6":{"loc":{"start":{"line":34,"column":4},"end":{"line":36,"column":5}},"type":"if","locations":[{"start":{"line":34,"column":4},"end":{"line":36,"column":5}},{"start":{},"end":{}}],"line":34},"7":{"loc":{"start":{"line":39,"column":19},"end":{"line":39,"column":70}},"type":"cond-expr","locations":[{"start":{"line":39,"column":36},"end":{"line":39,"column":65}},{"start":{"line":39,"column":68},"end":{"line":39,"column":70}}],"line":39},"8":{"loc":{"start":{"line":44,"column":4},"end":{"line":48,"column":5}},"type":"if","locations":[{"start":{"line":44,"column":4},"end":{"line":48,"column":5}},{"start":{},"end":{}}],"line":44},"9":{"loc":{"start":{"line":44,"column":10},"end":{"line":44,"column":62}},"type":"binary-expr","locations":[{"start":{"line":44,"column":10},"end":{"line":44,"column":33}},{"start":{"line":44,"column":37},"end":{"line":44,"column":62}}],"line":44},"10":{"loc":{"start":{"line":50,"column":4},"end":{"line":54,"column":5}},"type":"if","locations":[{"start":{"line":50,"column":4},"end":{"line":54,"column":5}},{"start":{},"end":{}}],"line":50}},"s":{"0":12,"1":207,"2":38,"3":30,"4":3,"5":27,"6":27,"7":27,"8":66,"9":3,"10":63,"11":63,"12":63,"13":63,"14":14,"15":2,"16":12,"17":12,"18":12,"19":5,"20":3,"21":2,"22":1,"23":1,"24":1,"25":1,"26":12},"f":{"0":207,"1":38,"2":30,"3":66,"4":14,"5":5},"b":{"0":[3,27],"1":[30,27],"2":[27,20],"3":[3,63],"4":[66,63],"5":[63,35],"6":[2,12],"7":[5,7],"8":[3,2],"9":[5,2],"10":[1,1]},"_coverageSchema":"1a1c01bbd47fc00a2c39e90264f33305004495a9","hash":"1dbe5ea0ec4a5a546e9302c7825e1973bd4aaf75"}
,"D:\\hirequiz api\\HireQuiz.com\\src\\routes\\index.js": {"path":"D:\\hirequiz api\\HireQuiz.com\\src\\routes\\index.js","statementMap":{"0":{"start":{"line":3,"column":16},"end":{"line":3,"column":34}},"1":{"start":{"line":5,"column":25},"end":{"line":5,"column":58}},"2":{"start":{"line":7,"column":28},"end":{"line":7,"column":57}},"3":{"start":{"line":9,"column":15},"end":{"line":9,"column":31}},"4":{"start":{"line":11,"column":0},"end":{"line":11,"column":52}},"5":{"start":{"line":13,"column":0},"end":{"line":21,"column":3}},"6":{"start":{"line":14,"column":2},"end":{"line":14,"column":45}},"7":{"start":{"line":15,"column":2},"end":{"line":20,"column":5}},"8":{"start":{"line":23,"column":0},"end":{"line":23,"column":24}}},"fnMap":{"0":{"name":"(anonymous_0)","decl":{"start":{"line":13,"column":16},"end":{"line":13,"column":17}},"loc":{"start":{"line":13,"column":30},"end":{"line":21,"column":1}},"line":13}},"branchMap":{},"s":{"0":8,"1":8,"2":8,"3":8,"4":8,"5":8,"6":4,"7":4,"8":8},"f":{"0":4},"b":{},"_coverageSchema":"1a1c01bbd47fc00a2c39e90264f33305004495a9","hash":"313a94501da5b1cd898e4acccb350800c8d3e04b"}
,"D:\\hirequiz api\\HireQuiz.com\\src\\routes\\api\\get.js": {"path":"D:\\hirequiz api\\HireQuiz.com\\src\\routes\\api\\get.js","statementMap":{"0":{"start":{"line":1,"column":15},"end":{"line":1,"column":38}},"1":{"start":{"line":2,"column":23},"end":{"line":2,"column":53}},"2":{"start":{"line":3,"column":55},"end":{"line":3,"column":80}},"3":{"start":{"line":5,"column":0},"end":{"line":18,"column":2}},"4":{"start":{"line":6,"column":2},"end":{"line":17,"column":3}},"5":{"start":{"line":7,"column":4},"end":{"line":7,"column":36}},"6":{"start":{"line":9,"column":19},"end":{"line":9,"column":52}},"7":{"start":{"line":10,"column":4},"end":{"line":14,"column":6}},"8":{"start":{"line":16,"column":4},"end":{"line":16,"column":58}}},"fnMap":{"0":{"name":"(anonymous_0)","decl":{"start":{"line":5,"column":17},"end":{"line":5,"column":18}},"loc":{"start":{"line":5,"column":37},"end":{"line":18,"column":1}},"line":5}},"branchMap":{},"s":{"0":8,"1":8,"2":8,"3":8,"4":1,"5":1,"6":1,"7":1,"8":0},"f":{"0":1},"b":{},"_coverageSchema":"1a1c01bbd47fc00a2c39e90264f33305004495a9","hash":"0808bbdf24d5fdb07f43e94d42fd421104d98c17"}
,"D:\\hirequiz api\\HireQuiz.com\\src\\routes\\api\\getAll.js": {"path":"D:\\hirequiz api\\HireQuiz.com\\src\\routes\\api\\getAll.js","statementMap":{"0":{"start":{"line":1,"column":15},"end":{"line":1,"column":38}},"1":{"start":{"line":2,"column":27},"end":{"line":2,"column":64}},"2":{"start":{"line":3,"column":23},"end":{"line":3,"column":53}},"3":{"start":{"line":4,"column":55},"end":{"line":4,"column":80}},"4":{"start":{"line":6,"column":0},"end":{"line":21,"column":2}},"5":{"start":{"line":7,"column":2},"end":{"line":20,"column":3}},"6":{"start":{"line":8,"column":4},"end":{"line":8,"column":39}},"7":{"start":{"line":9,"column":22},"end":{"line":9,"column":59}},"8":{"start":{"line":10,"column":18},"end":{"line":10,"column":51}},"9":{"start":{"line":12,"column":4},"end":{"line":17,"column":6}},"10":{"start":{"line":19,"column":4},"end":{"line":19,"column":58}}},"fnMap":{"0":{"name":"(anonymous_0)","decl":{"start":{"line":6,"column":17},"end":{"line":6,"column":18}},"loc":{"start":{"line":6,"column":37},"end":{"line":21,"column":1}},"line":6}},"branchMap":{},"s":{"0":8,"1":8,"2":8,"3":8,"4":8,"5":1,"6":1,"7":1,"8":1,"9":1,"10":0},"f":{"0":1},"b":{},"_coverageSchema":"1a1c01bbd47fc00a2c39e90264f33305004495a9","hash":"49f8076292b974a9ace72c8e40c0f5082516814a"}
,"D:\\hirequiz api\\HireQuiz.com\\src\\routes\\api\\getApplication.js": {"path":"D:\\hirequiz api\\HireQuiz.com\\src\\routes\\api\\getApplication.js","statementMap":{"0":{"start":{"line":1,"column":15},"end":{"line":1,"column":38}},"1":{"start":{"line":2,"column":27},"end":{"line":2,"column":64}},"2":{"start":{"line":3,"column":55},"end":{"line":3,"column":80}},"3":{"start":{"line":5,"column":0},"end":{"line":17,"column":2}},"4":{"start":{"line":6,"column":2},"end":{"line":16,"column":3}},"5":{"start":{"line":7,"column":4},"end":{"line":7,"column":39}},"6":{"start":{"line":8,"column":22},"end":{"line":8,"column":59}},"7":{"start":{"line":9,"column":4},"end":{"line":13,"column":6}},"8":{"start":{"line":15,"column":4},"end":{"line":15,"column":58}}},"fnMap":{"0":{"name":"(anonymous_0)","decl":{"start":{"line":5,"column":17},"end":{"line":5,"column":18}},"loc":{"start":{"line":5,"column":37},"end":{"line":17,"column":1}},"line":5}},"branchMap":{},"s":{"0":8,"1":8,"2":8,"3":8,"4":1,"5":1,"6":1,"7":1,"8":0},"f":{"0":1},"b":{},"_coverageSchema":"1a1c01bbd47fc00a2c39e90264f33305004495a9","hash":"3c2836553946fea1ef8d0d7b52d1e808fc3aa1bf"}
,"D:\\hirequiz api\\HireQuiz.com\\src\\routes\\api\\getByIDApplication.js": {"path":"D:\\hirequiz api\\HireQuiz.com\\src\\routes\\api\\getByIDApplication.js","statementMap":{"0":{"start":{"line":1,"column":32},"end":{"line":1,"column":57}},"1":{"start":{"line":2,"column":27},"end":{"line":2,"column":64}},"2":{"start":{"line":3,"column":15},"end":{"line":3,"column":38}},"3":{"start":{"line":5,"column":0},"end":{"line":18,"column":2}},"4":{"start":{"line":6,"column":11},"end":{"line":6,"column":24}},"5":{"start":{"line":7,"column":2},"end":{"line":17,"column":3}},"6":{"start":{"line":8,"column":4},"end":{"line":8,"column":57}},"7":{"start":{"line":9,"column":24},"end":{"line":9,"column":63}},"8":{"start":{"line":10,"column":4},"end":{"line":10,"column":54}},"9":{"start":{"line":11,"column":26},"end":{"line":11,"column":53}},"10":{"start":{"line":13,"column":4},"end":{"line":13,"column":32}},"11":{"start":{"line":14,"column":4},"end":{"line":14,"column":42}},"12":{"start":{"line":16,"column":4},"end":{"line":16,"column":58}}},"fnMap":{"0":{"name":"(anonymous_0)","decl":{"start":{"line":5,"column":17},"end":{"line":5,"column":18}},"loc":{"start":{"line":5,"column":37},"end":{"line":18,"column":1}},"line":5}},"branchMap":{},"s":{"0":8,"1":8,"2":8,"3":8,"4":3,"5":3,"6":3,"7":3,"8":1,"9":1,"10":1,"11":1,"12":2},"f":{"0":3},"b":{},"_coverageSchema":"1a1c01bbd47fc00a2c39e90264f33305004495a9","hash":"f827374fda66d319a60106b1a1d89dc2fd6ed915"}
,"D:\\hirequiz api\\HireQuiz.com\\src\\routes\\api\\getbyid.js": {"path":"D:\\hirequiz api\\HireQuiz.com\\src\\routes\\api\\getbyid.js","statementMap":{"0":{"start":{"line":2,"column":32},"end":{"line":2,"column":57}},"1":{"start":{"line":3,"column":23},"end":{"line":3,"column":53}},"2":{"start":{"line":4,"column":15},"end":{"line":4,"column":38}},"3":{"start":{"line":6,"column":0},"end":{"line":19,"column":2}},"4":{"start":{"line":7,"column":11},"end":{"line":7,"column":24}},"5":{"start":{"line":8,"column":2},"end":{"line":18,"column":3}},"6":{"start":{"line":9,"column":4},"end":{"line":9,"column":48}},"7":{"start":{"line":10,"column":20},"end":{"line":10,"column":55}},"8":{"start":{"line":11,"column":4},"end":{"line":11,"column":54}},"9":{"start":{"line":12,"column":22},"end":{"line":12,"column":45}},"10":{"start":{"line":14,"column":4},"end":{"line":14,"column":32}},"11":{"start":{"line":15,"column":4},"end":{"line":15,"column":38}},"12":{"start":{"line":17,"column":4},"end":{"line":17,"column":58}}},"fnMap":{"0":{"name":"(anonymous_0)","decl":{"start":{"line":6,"column":17},"end":{"line":6,"column":18}},"loc":{"start":{"line":6,"column":37},"end":{"line":19,"column":1}},"line":6}},"branchMap":{},"s":{"0":8,"1":8,"2":8,"3":8,"4":3,"5":3,"6":3,"7":3,"8":1,"9":1,"10":1,"11":1,"12":2},"f":{"0":3},"b":{},"_coverageSchema":"1a1c01bbd47fc00a2c39e90264f33305004495a9","hash":"a22d9e435a87d3678fb37da18a23971c07c2d931"}
,"D:\\hirequiz api\\HireQuiz.com\\src\\routes\\api\\index.js": {"path":"D:\\hirequiz api\\HireQuiz.com\\src\\routes\\api\\index.js","statementMap":{"0":{"start":{"line":3,"column":16},"end":{"line":3,"column":34}},"1":{"start":{"line":4,"column":20},"end":{"line":4,"column":43}},"2":{"start":{"line":6,"column":15},"end":{"line":6,"column":31}},"3":{"start":{"line":8,"column":16},"end":{"line":18,"column":4}},"4":{"start":{"line":9,"column":2},"end":{"line":18,"column":4}},"5":{"start":{"line":13,"column":23},"end":{"line":13,"column":45}},"6":{"start":{"line":14,"column":6},"end":{"line":16,"column":7}},"7":{"start":{"line":15,"column":8},"end":{"line":15,"column":20}},"8":{"start":{"line":20,"column":0},"end":{"line":20,"column":54}},"9":{"start":{"line":22,"column":0},"end":{"line":22,"column":41}},"10":{"start":{"line":24,"column":0},"end":{"line":24,"column":49}},"11":{"start":{"line":26,"column":0},"end":{"line":26,"column":56}},"12":{"start":{"line":28,"column":0},"end":{"line":28,"column":69}},"13":{"start":{"line":30,"column":0},"end":{"line":30,"column":64}},"14":{"start":{"line":32,"column":0},"end":{"line":32,"column":40}},"15":{"start":{"line":34,"column":0},"end":{"line":34,"column":24}}},"fnMap":{"0":{"name":"(anonymous_0)","decl":{"start":{"line":8,"column":16},"end":{"line":8,"column":17}},"loc":{"start":{"line":9,"column":2},"end":{"line":18,"column":4}},"line":9},"1":{"name":"(anonymous_1)","decl":{"start":{"line":12,"column":10},"end":{"line":12,"column":11}},"loc":{"start":{"line":12,"column":19},"end":{"line":17,"column":5}},"line":12}},"branchMap":{"0":{"loc":{"start":{"line":14,"column":6},"end":{"line":16,"column":7}},"type":"if","locations":[{"start":{"line":14,"column":6},"end":{"line":16,"column":7}},{"start":{},"end":{}}],"line":14}},"s":{"0":8,"1":8,"2":8,"3":8,"4":16,"5":10,"6":10,"7":4,"8":8,"9":8,"10":8,"11":8,"12":8,"13":8,"14":8,"15":8},"f":{"0":16,"1":10},"b":{"0":[4,6]},"_coverageSchema":"1a1c01bbd47fc00a2c39e90264f33305004495a9","hash":"b80bf33ed03bf27b8f9824f3da74d90963e99034"}
,"D:\\hirequiz api\\HireQuiz.com\\src\\routes\\api\\post.js": {"path":"D:\\hirequiz api\\HireQuiz.com\\src\\routes\\api\\post.js","statementMap":{"0":{"start":{"line":1,"column":17},"end":{"line":1,"column":42}},"1":{"start":{"line":2,"column":23},"end":{"line":2,"column":53}},"2":{"start":{"line":3,"column":15},"end":{"line":3,"column":38}},"3":{"start":{"line":4,"column":0},"end":{"line":37,"column":2}},"4":{"start":{"line":5,"column":2},"end":{"line":5,"column":43}},"5":{"start":{"line":6,"column":2},"end":{"line":16,"column":3}},"6":{"start":{"line":7,"column":4},"end":{"line":7,"column":84}},"7":{"start":{"line":8,"column":4},"end":{"line":15,"column":8}},"8":{"start":{"line":17,"column":2},"end":{"line":17,"column":53}},"9":{"start":{"line":19,"column":18},"end":{"line":22,"column":4}},"10":{"start":{"line":24,"column":2},"end":{"line":24,"column":57}},"11":{"start":{"line":25,"column":2},"end":{"line":25,"column":23}},"12":{"start":{"line":26,"column":2},"end":{"line":26,"column":42}},"13":{"start":{"line":27,"column":2},"end":{"line":27,"column":34}},"14":{"start":{"line":28,"column":2},"end":{"line":28,"column":58}},"15":{"start":{"line":29,"column":2},"end":{"line":29,"column":46}},"16":{"start":{"line":30,"column":2},"end":{"line":30,"column":93}},"17":{"start":{"line":31,"column":2},"end":{"line":36,"column":4}}},"fnMap":{"0":{"name":"(anonymous_0)","decl":{"start":{"line":4,"column":17},"end":{"line":4,"column":18}},"loc":{"start":{"line":4,"column":37},"end":{"line":37,"column":1}},"line":4}},"branchMap":{"0":{"loc":{"start":{"line":6,"column":2},"end":{"line":16,"column":3}},"type":"if","locations":[{"start":{"line":6,"column":2},"end":{"line":16,"column":3}},{"start":{},"end":{}}],"line":6}},"s":{"0":8,"1":8,"2":8,"3":8,"4":5,"5":5,"6":3,"7":3,"8":2,"9":2,"10":2,"11":2,"12":2,"13":2,"14":2,"15":2,"16":2,"17":2},"f":{"0":5},"b":{"0":[3,2]},"_coverageSchema":"1a1c01bbd47fc00a2c39e90264f33305004495a9","hash":"2cec764ba9f7370ba1773760dcd32f4d538c7230"}
,"D:\\hirequiz api\\HireQuiz.com\\src\\routes\\api\\postApplication.js": {"path":"D:\\hirequiz api\\HireQuiz.com\\src\\routes\\api\\postApplication.js","statementMap":{"0":{"start":{"line":1,"column":17},"end":{"line":1,"column":42}},"1":{"start":{"line":2,"column":27},"end":{"line":2,"column":64}},"2":{"start":{"line":3,"column":15},"end":{"line":3,"column":38}},"3":{"start":{"line":4,"column":0},"end":{"line":33,"column":2}},"4":{"start":{"line":5,"column":2},"end":{"line":5,"column":52}},"5":{"start":{"line":6,"column":2},"end":{"line":9,"column":3}},"6":{"start":{"line":7,"column":4},"end":{"line":7,"column":42}},"7":{"start":{"line":8,"column":4},"end":{"line":8,"column":93}},"8":{"start":{"line":10,"column":2},"end":{"line":10,"column":61}},"9":{"start":{"line":12,"column":22},"end":{"line":18,"column":4}},"10":{"start":{"line":20,"column":2},"end":{"line":20,"column":56}},"11":{"start":{"line":21,"column":2},"end":{"line":21,"column":27}},"12":{"start":{"line":22,"column":2},"end":{"line":22,"column":53}},"13":{"start":{"line":23,"column":2},"end":{"line":23,"column":38}},"14":{"start":{"line":24,"column":2},"end":{"line":24,"column":41}},"15":{"start":{"line":25,"column":2},"end":{"line":25,"column":50}},"16":{"start":{"line":26,"column":2},"end":{"line":26,"column":97}},"17":{"start":{"line":27,"column":2},"end":{"line":32,"column":4}}},"fnMap":{"0":{"name":"(anonymous_0)","decl":{"start":{"line":4,"column":17},"end":{"line":4,"column":18}},"loc":{"start":{"line":4,"column":37},"end":{"line":33,"column":1}},"line":4}},"branchMap":{"0":{"loc":{"start":{"line":6,"column":2},"end":{"line":9,"column":3}},"type":"if","locations":[{"start":{"line":6,"column":2},"end":{"line":9,"column":3}},{"start":{},"end":{}}],"line":6}},"s":{"0":8,"1":8,"2":8,"3":8,"4":5,"5":5,"6":3,"7":3,"8":2,"9":2,"10":2,"11":2,"12":2,"13":2,"14":2,"15":2,"16":2,"17":2},"f":{"0":5},"b":{"0":[3,2]},"_coverageSchema":"1a1c01bbd47fc00a2c39e90264f33305004495a9","hash":"20811f3e5bb9693a17078d13fe10d86fda66c474"}
}
