TN:
SF:src\app.js
FN:31,(anonymous_0)
FN:42,(anonymous_1)
FNF:2
FNH:0
FNDA:0,(anonymous_0)
FNDA:0,(anonymous_1)
DA:3,8
DA:4,8
DA:5,8
DA:6,8
DA:8,8
DA:9,8
DA:11,8
DA:12,8
DA:16,8
DA:18,8
DA:20,8
DA:22,8
DA:24,8
DA:26,8
DA:27,8
DA:29,8
DA:31,8
DA:32,0
DA:42,8
DA:43,0
DA:44,0
DA:46,0
DA:47,0
DA:50,0
DA:59,8
LF:25
LH:19
BRDA:43,0,0,0
BRDA:43,0,1,0
BRDA:44,1,0,0
BRDA:44,1,1,0
BRDA:46,2,0,0
BRDA:46,2,1,0
BRF:6
BRH:0
end_of_record
TN:
SF:src\hash.js
FN:3,(anonymous_0)
FNF:1
FNH:1
FNDA:22,(anonymous_0)
DA:1,9
DA:3,22
LF:2
LH:2
BRF:0
BRH:0
end_of_record
TN:
SF:src\logger.js
FNF:0
FNH:0
DA:3,8
DA:5,8
DA:6,0
DA:14,8
LF:4
LH:3
BRDA:3,0,0,8
BRDA:3,0,1,0
BRDA:5,1,0,0
BRDA:5,1,1,8
BRF:4
BRH:2
end_of_record
TN:
SF:src\response.js
FN:3,(anonymous_0)
FN:10,(anonymous_1)
FNF:2
FNH:2
FNDA:9,(anonymous_0)
FNDA:25,(anonymous_1)
DA:3,9
DA:4,9
DA:10,9
DA:11,25
LF:4
LH:4
BRF:0
BRH:0
end_of_record
TN:
SF:src\authorization\authorize-middleware.js
FN:7,(anonymous_0)
FN:8,(anonymous_1)
FN:9,callback
FNF:3
FNH:3
FNDA:8,(anonymous_0)
FNDA:33,(anonymous_1)
FNDA:33,callback
DA:1,8
DA:3,8
DA:4,8
DA:5,8
DA:7,8
DA:8,8
DA:10,33
DA:11,0
DA:12,0
DA:15,33
DA:16,14
DA:19,19
DA:20,19
DA:22,19
DA:24,33
LF:15
LH:13
BRDA:10,0,0,0
BRDA:10,0,1,33
BRDA:15,1,0,14
BRDA:15,1,1,19
BRF:4
BRH:3
end_of_record
TN:
SF:src\authorization\basic-auth.js
FN:11,(anonymous_0)
FN:17,(anonymous_1)
FNF:2
FNH:2
FNDA:8,(anonymous_0)
FNDA:8,(anonymous_1)
DA:3,8
DA:4,8
DA:5,8
DA:7,8
DA:8,0
DA:11,8
DA:12,8
DA:17,8
LF:8
LH:7
BRDA:7,0,0,0
BRDA:7,0,1,8
BRF:2
BRH:1
end_of_record
TN:
SF:src\authorization\index.js
FNF:0
FNH:0
DA:9,8
DA:10,8
DA:12,0
LF:3
LH:2
BRDA:9,0,0,8
BRDA:9,0,1,0
BRDA:9,1,0,8
BRDA:9,1,1,8
BRF:4
BRH:3
end_of_record
TN:
SF:src\model\jobApplication.js
FN:11,(anonymous_0)
FN:38,(anonymous_1)
FN:42,(anonymous_2)
FN:50,(anonymous_3)
FN:55,(anonymous_4)
FN:59,(anonymous_5)
FN:68,(anonymous_6)
FNF:7
FNH:7
FNDA:28,(anonymous_0)
FNDA:5,(anonymous_1)
FNDA:7,(anonymous_2)
FNDA:16,(anonymous_3)
FNDA:2,(anonymous_4)
FNDA:9,(anonymous_5)
FNDA:1,(anonymous_6)
DA:1,9
DA:8,9
DA:20,28
DA:21,3
DA:23,25
DA:24,2
DA:26,23
DA:27,1
DA:29,22
DA:30,22
DA:31,22
DA:32,22
DA:33,22
DA:34,22
DA:35,22
DA:39,5
DA:43,7
DA:44,7
DA:45,2
DA:47,5
DA:51,16
DA:52,16
DA:56,2
DA:60,9
DA:61,1
DA:63,8
DA:64,8
DA:65,8
DA:69,1
DA:72,9
LF:30
LH:30
BRDA:15,0,0,23
BRDA:16,1,0,23
BRDA:18,2,0,4
BRDA:20,3,0,3
BRDA:20,3,1,25
BRDA:20,4,0,28
BRDA:20,4,1,26
BRDA:23,5,0,2
BRDA:23,5,1,23
BRDA:23,6,0,25
BRDA:23,6,1,24
BRDA:26,7,0,1
BRDA:26,7,1,22
BRDA:29,8,0,22
BRDA:29,8,1,16
BRDA:32,9,0,22
BRDA:32,9,1,0
BRDA:33,10,0,22
BRDA:33,10,1,0
BRDA:38,11,0,4
BRDA:44,12,0,2
BRDA:44,12,1,5
BRDA:60,13,0,1
BRDA:60,13,1,8
BRF:24
BRH:22
end_of_record
TN:
SF:src\model\posting.js
FN:11,(anonymous_0)
FN:29,(anonymous_1)
FN:33,(anonymous_2)
FN:41,(anonymous_3)
FN:46,(anonymous_4)
FN:50,(anonymous_5)
FN:59,(anonymous_6)
FNF:7
FNH:7
FNDA:28,(anonymous_0)
FNDA:5,(anonymous_1)
FNDA:7,(anonymous_2)
FNDA:16,(anonymous_3)
FNDA:2,(anonymous_4)
FNDA:9,(anonymous_5)
FNDA:1,(anonymous_6)
DA:1,9
DA:8,9
DA:12,28
DA:13,3
DA:15,25
DA:16,2
DA:18,23
DA:19,1
DA:21,22
DA:22,22
DA:23,22
DA:24,22
DA:25,22
DA:26,22
DA:30,5
DA:34,7
DA:35,7
DA:36,2
DA:38,5
DA:42,16
DA:43,16
DA:47,2
DA:51,9
DA:52,1
DA:54,8
DA:55,8
DA:56,8
DA:60,1
DA:63,9
LF:29
LH:29
BRDA:11,0,0,23
BRDA:11,1,0,23
BRDA:11,2,0,4
BRDA:12,3,0,3
BRDA:12,3,1,25
BRDA:12,4,0,28
BRDA:12,4,1,26
BRDA:15,5,0,2
BRDA:15,5,1,23
BRDA:15,6,0,25
BRDA:15,6,1,24
BRDA:18,7,0,1
BRDA:18,7,1,22
BRDA:21,8,0,22
BRDA:21,8,1,16
BRDA:23,9,0,22
BRDA:23,9,1,0
BRDA:24,10,0,22
BRDA:24,10,1,0
BRDA:29,11,0,4
BRDA:35,12,0,2
BRDA:35,12,1,5
BRDA:51,13,0,1
BRDA:51,13,1,8
BRF:24
BRH:22
end_of_record
TN:
SF:src\model\data\index.js
FNF:0
FNH:0
DA:2,10
LF:1
LH:1
BRDA:2,0,0,0
BRDA:2,0,1,10
BRF:2
BRH:1
end_of_record
TN:
SF:src\model\data\memory\index.js
FN:7,writePosting
FN:12,readPosting
FN:17,writePostingData
FN:22,readPostingData
FN:27,listPostings
FN:34,(anonymous_5)
FNF:6
FNH:6
FNDA:33,writePosting
FNDA:15,readPosting
FNDA:17,writePostingData
FNDA:5,readPostingData
FNDA:10,listPostings
FNDA:2,(anonymous_5)
DA:1,11
DA:3,11
DA:4,11
DA:8,33
DA:13,15
DA:18,17
DA:23,5
DA:28,10
DA:30,10
DA:31,2
DA:34,8
DA:37,11
DA:38,11
DA:39,11
DA:40,11
DA:41,11
LF:16
LH:16
BRDA:27,0,0,0
BRDA:30,1,0,2
BRDA:30,1,1,8
BRDA:30,2,0,10
BRDA:30,2,1,8
BRF:5
BRH:4
end_of_record
TN:
SF:src\model\data\memory\memory-db.js
FN:1,(anonymous_0)
FN:4,(anonymous_1)
FN:8,(anonymous_2)
FN:20,(anonymous_3)
FN:33,(anonymous_4)
FN:43,(anonymous_5)
FNF:6
FNH:6
FNDA:207,(anonymous_0)
FNDA:38,(anonymous_1)
FNDA:30,(anonymous_2)
FNDA:66,(anonymous_3)
FNDA:14,(anonymous_4)
FNDA:5,(anonymous_5)
DA:1,207
DA:5,38
DA:9,30
DA:10,3
DA:15,27
DA:16,27
DA:17,27
DA:21,66
DA:22,3
DA:27,63
DA:28,63
DA:29,63
DA:30,63
DA:34,14
DA:35,2
DA:38,12
DA:39,12
DA:40,12
DA:44,5
DA:45,3
DA:50,2
DA:51,1
DA:56,1
DA:57,1
DA:58,1
DA:62,12
LF:26
LH:26
BRDA:9,0,0,3
BRDA:9,0,1,27
BRDA:9,1,0,30
BRDA:9,1,1,27
BRDA:16,2,0,27
BRDA:16,2,1,20
BRDA:21,3,0,3
BRDA:21,3,1,63
BRDA:21,4,0,66
BRDA:21,4,1,63
BRDA:28,5,0,63
BRDA:28,5,1,35
BRDA:34,6,0,2
BRDA:34,6,1,12
BRDA:39,7,0,5
BRDA:39,7,1,7
BRDA:44,8,0,3
BRDA:44,8,1,2
BRDA:44,9,0,5
BRDA:44,9,1,2
BRDA:50,10,0,1
BRDA:50,10,1,1
BRF:22
BRH:22
end_of_record
TN:
SF:src\routes\index.js
FN:13,(anonymous_0)
FNF:1
FNH:1
FNDA:4,(anonymous_0)
DA:3,8
DA:5,8
DA:7,8
DA:9,8
DA:11,8
DA:13,8
DA:14,4
DA:15,4
DA:23,8
LF:9
LH:9
BRF:0
BRH:0
end_of_record
TN:
SF:src\routes\api\get.js
FN:5,(anonymous_0)
FNF:1
FNH:1
FNDA:1,(anonymous_0)
DA:1,8
DA:2,8
DA:3,8
DA:5,8
DA:6,1
DA:7,1
DA:9,1
DA:10,1
DA:16,0
LF:9
LH:8
BRF:0
BRH:0
end_of_record
TN:
SF:src\routes\api\getAll.js
FN:6,(anonymous_0)
FNF:1
FNH:1
FNDA:1,(anonymous_0)
DA:1,8
DA:2,8
DA:3,8
DA:4,8
DA:6,8
DA:7,1
DA:8,1
DA:9,1
DA:10,1
DA:12,1
DA:19,0
LF:11
LH:10
BRF:0
BRH:0
end_of_record
TN:
SF:src\routes\api\getApplication.js
FN:5,(anonymous_0)
FNF:1
FNH:1
FNDA:1,(anonymous_0)
DA:1,8
DA:2,8
DA:3,8
DA:5,8
DA:6,1
DA:7,1
DA:8,1
DA:9,1
DA:15,0
LF:9
LH:8
BRF:0
BRH:0
end_of_record
TN:
SF:src\routes\api\getByIDApplication.js
FN:5,(anonymous_0)
FNF:1
FNH:1
FNDA:3,(anonymous_0)
DA:1,8
DA:2,8
DA:3,8
DA:5,8
DA:6,3
DA:7,3
DA:8,3
DA:9,3
DA:10,1
DA:11,1
DA:13,1
DA:14,1
DA:16,2
LF:13
LH:13
BRF:0
BRH:0
end_of_record
TN:
SF:src\routes\api\getbyid.js
FN:6,(anonymous_0)
FNF:1
FNH:1
FNDA:3,(anonymous_0)
DA:2,8
DA:3,8
DA:4,8
DA:6,8
DA:7,3
DA:8,3
DA:9,3
DA:10,3
DA:11,1
DA:12,1
DA:14,1
DA:15,1
DA:17,2
LF:13
LH:13
BRF:0
BRH:0
end_of_record
TN:
SF:src\routes\api\index.js
FN:8,(anonymous_0)
FN:12,(anonymous_1)
FNF:2
FNH:2
FNDA:16,(anonymous_0)
FNDA:10,(anonymous_1)
DA:3,8
DA:4,8
DA:6,8
DA:8,8
DA:9,16
DA:13,10
DA:14,10
DA:15,4
DA:20,8
DA:22,8
DA:24,8
DA:26,8
DA:28,8
DA:30,8
DA:32,8
DA:34,8
LF:16
LH:16
BRDA:14,0,0,4
BRDA:14,0,1,6
BRF:2
BRH:2
end_of_record
TN:
SF:src\routes\api\post.js
FN:4,(anonymous_0)
FNF:1
FNH:1
FNDA:5,(anonymous_0)
DA:1,8
DA:2,8
DA:3,8
DA:4,8
DA:5,5
DA:6,5
DA:7,3
DA:8,3
DA:17,2
DA:19,2
DA:24,2
DA:25,2
DA:26,2
DA:27,2
DA:28,2
DA:29,2
DA:30,2
DA:31,2
LF:18
LH:18
BRDA:6,0,0,3
BRDA:6,0,1,2
BRF:2
BRH:2
end_of_record
TN:
SF:src\routes\api\postApplication.js
FN:4,(anonymous_0)
FNF:1
FNH:1
FNDA:5,(anonymous_0)
DA:1,8
DA:2,8
DA:3,8
DA:4,8
DA:5,5
DA:6,5
DA:7,3
DA:8,3
DA:10,2
DA:12,2
DA:20,2
DA:21,2
DA:22,2
DA:23,2
DA:24,2
DA:25,2
DA:26,2
DA:27,2
LF:18
LH:18
BRDA:6,0,0,3
BRDA:6,0,1,2
BRF:2
BRH:2
end_of_record
